Microsoft (R) Help Compiler
HCRTF 4.02.0060
Copyright (c) Microsoft Corp 1990 - 1995. All rights reserved.
Ministat.hpj
    HC3096: Warning: topic #1 of C:\MINISTAT\Sorgente\Guida\MINISTAT.rtf : 
	The font name "Franklin Gothic Demi Cond Baltic" is longer than 31 characters.
    HC3096: Warning: topic #1 of C:\MINISTAT\Sorgente\Guida\MINISTAT.rtf : 
	The font name "Franklin Gothic Medium Cond Greek" is longer than 31 characters.
    HC3096: Warning: topic #1 of C:\MINISTAT\Sorgente\Guida\MINISTAT.rtf : 
	The font name "Franklin Gothic Medium Cond Baltic" is longer than 31 characters.
    HC3048: Warning: topic #1 of C:\MINISTAT\Sorgente\Guida\MINISTAT.rtf : 
	Nonscrolling region defined after scrolling region.
    HC1001: Note: topic #22 of C:\MINISTAT\Sorgente\Guida\MINISTAT.rtf : 
	The keyword "Esci" is already defined in this topic.
    HC3048: Warning: topic #26 of C:\MINISTAT\Sorgente\Guida\MINISTAT.rtf : 
	Nonscrolling region defined after scrolling region.
146	Topics
297	Jumps
415	Keywords
1	Bitmap


Created C:\MINISTAT\Sorgente\Guida\Ministat.hlp, 292,335 bytes
Bitmaps: 94,112 bytes
Compile time: 0 minutes, 1 second
1 note, 5 warnings
