[BootStrap]
File1=1,,setup1.ex_,setup1.exe,$(WinPath),,,3/7/1997 0:00:00,167936,5.0.0.3716,"","",""
File2=1,,VB5StKit.dl_,VB5StKit.dll,$(WinSysPath),,$(Shared),3/7/1997 0:00:00,29696,5.0.37.16,"","",""
File3=1,,VB5IT.dl_,VB5IT.dll,$(WinSysPath),,$(Shared),5/28/1998 21:27:58,98304,5.0.43.19,"","",""
File4=1,,MSVBVM50.dl_,MSVBVM50.dll,$(WinSysPathSysFile),$(DLLSelfRegister),,5/28/1998 21:27:34,1355776,5.1.43.19,"","",""
File5=1,,StdOle2.tl_,StdOle2.tlb,$(WinSysPathSysFile),$(TLBRegister),,3/7/1997 0:00:00,16896,2.20.4054.1,"","",""
File6=1,,OleAut32.dl_,OleAut32.dll,$(WinSysPathSysFile),$(DLLSelfRegister),,3/7/1997 0:00:00,491792,2.20.4054.1,"","",""
File7=1,,OlePro32.dl_,OlePro32.dll,$(WinSysPathSysFile),$(DLLSelfRegister),,3/7/1997 0:00:00,32528,5.0.4055.1,"","",""
File8=1,,AsycFilt.dl_,AsycFilt.dll,$(WinSysPathSysFile),,,3/7/1997 0:00:00,120592,2.20.4056.1,"","",""
File9=1,,Ctl3d32.dl_,Ctl3d32.dll,$(WinSysPathSysFile),,,3/7/1997 0:00:00,27136,2.31.0.0,"","",""
File10=1,,ComCat.dl_,ComCat.dll,$(WinSysPathSysFile),$(DLLSelfRegister),,3/7/1997 0:00:00,22288,4.71.1441.1,"","",""

[Files]
File1=1,,Ministat.vb_,Ministat.vbp,$(AppPath),,,3/21/2000 19:49:08,2148,,"","",""
File2=1,,GRID32.OC_,GRID32.OCX,$(WinSysPath),$(DLLSelfRegister),$(Shared),1/12/1996 0:00:00,89600,4.0.29.8,"","",""
File3=1,,MFC40Loc.dl_,MFC40Loc.dll,$(WinSysPathSysFile),,,3/7/1997 0:00:00,45056,4.0.0.5208,"","",""
File4=1,,MFC40.dl_,MFC40.dll,$(WinSysPathSysFile),$(DLLSelfRegister),,3/7/1997 0:00:00,921872,4.1.0.6038,"","",""
File5=1,,MSVCRT40.dl_,MSVCRT40.dll,$(WinSysPathSysFile),,,3/7/1997 0:00:00,326656,4.10.0.6038,"","",""
File6=1,,ANIBTN32.OC_,ANIBTN32.OCX,$(WinSysPath),$(DLLSelfRegister),$(Shared),1/12/1996 0:00:00,144384,1.0.0.36,"","",""
File7=1,,COMDLG32.OC_,COMDLG32.OCX,$(WinSysPath),$(DLLSelfRegister),$(Shared),3/7/1997 0:00:00,128784,5.0.37.14,"","",""
File8=1,,CmDlgIT.dl_,CmDlgIT.dll,$(WinSysPath),,$(Shared),3/7/1997 0:00:00,33280,5.0.37.14,"","",""
File9=1,,GAUGE32.OC_,GAUGE32.OCX,$(WinSysPath),$(DLLSelfRegister),$(Shared),1/12/1996 0:00:00,63488,1.0.24.0,"","",""
File10=1,,GRAPH32.OC_,GRAPH32.OCX,$(WinSysPath),$(DLLSelfRegister),$(Shared),1/12/1996 0:00:00,326656,1.0.0.46,"","",""
File11=1,,gsw32.ex_,gsw32.exe,$(WinSysPath),,$(Shared),1/12/1996 0:00:00,334336,2.5.3.5,"","",""
File12=1,,gswdll32.dl_,gswdll32.dll,$(WinSysPath),,$(Shared),1/12/1996 0:00:00,69632,2.5.3.5,"","",""
File13=1,,MSMASK32.OC_,MSMASK32.OCX,$(WinSysPath),$(DLLSelfRegister),$(Shared),3/7/1997 0:00:00,165136,5.0.37.14,"","",""
File14=1,,MSMskIT.dl_,MSMskIT.dll,$(WinSysPath),,$(Shared),3/7/1997 0:00:00,21504,5.0.37.14,"","",""
File15=1,,THREED32.OC_,THREED32.OCX,$(WinSysPath),$(DLLSelfRegister),$(Shared),7/26/1995 0:00:00,200704,1.0.41.0,"","",""
File16=1,,dao2535.tl_,dao2535.tlb,$(MSDAOPath),$(TLBRegister),$(Shared),3/7/1997 0:00:00,73184,,"","",""
File17=1,,DAO350.dl_,DAO350.dll,$(MSDAOPath),$(DLLSelfRegister),$(Shared),3/14/2000 22:36:44,618496,3.51.1027.0,"","",""
File18=1,,MSJtEr35.dl_,MSJtEr35.dll,$(WinSysPathSysFile),,,3/14/2000 22:36:46,36864,3.51.623.0,"","",""
File19=1,,MSJInt35.dl_,MSJInt35.dll,$(WinSysPathSysFile),,,3/14/2000 22:36:46,142608,3.51.623.0,"","",""
File20=1,,MSJet35.dl_,MSJet35.dll,$(WinSysPathSysFile),$(DLLSelfRegister),,3/14/2000 22:36:44,1046288,3.51.2723.0,"","",""
File21=1,,VBAJet32.dl_,VBAJet32.dll,$(WinSysPathSysFile),,,2/8/1999 0:00:00,30992,6.0.1.8268,"","",""
File22=1,,VB5DB.dl_,VB5DB.dll,$(WinSysPath),,$(Shared),3/7/1997 0:00:00,78608,5.0.37.24,"","",""
File23=1,,MSRD2x35.dl_,MSRD2x35.dll,$(WinSysPathSysFile),$(DLLSelfRegister),,3/14/2000 22:36:46,262144,3.51.623.0,"","",""
File24=1,,MsRepl35.dl_,MsRepl35.dll,$(WinSysPathSysFile),,,3/14/2000 22:36:46,415504,3.51.2404.0,"","",""
File25=1,,ODBCJt32.dl_,ODBCJt32.dll,$(WinSysPathSysFile),,,3/7/1997 0:00:00,241664,3.50.3602.0,"","",""
File26=1,,ODBCJI32.dl_,ODBCJI32.dll,$(WinSysPathSysFile),,,3/7/1997 0:00:00,41318,3.50.3602.0,"","",""
File27=1,,ODBCTL32.dl_,ODBCTL32.dll,$(WinSysPathSysFile),,,3/7/1997 0:00:00,77824,3.50.3602.0,"","",""
File28=1,,MSXBSE35.DL_,MSXBSE35.DLL,$(WinSysPathSysFile),$(DLLSelfRegister),,3/14/2000 22:36:46,294912,3.51.623.0,"","",""
File29=1,,MSEXCL35.DL_,MSEXCL35.DLL,$(WinSysPathSysFile),$(DLLSelfRegister),,3/14/2000 22:36:44,250640,3.51.2723.2,"","",""
File30=1,,ministat.hl_,ministat.hlp,$(AppPath),,,3/18/2000 18:58:38,293082,,"","",""
File31=1,,Ministat.ex_,Ministat.exe,$(AppPath),,,3/21/2000 20:09:16,3817984,1.0.0.0,"","Ministat 2.1","$(AppPath)\Ministat.exe"
File32=1,,RIBOFLAV.TX_,RIBOFLAV.TXT,$(AppPath),,,7/7/1996 20:00:40,99,,"","",""
File33=1,,IGA.TX_,IGA.TXT,$(AppPath),,,7/7/1996 20:03:28,1089,,"","",""
File34=1,,CLORURO.TX_,CLORURO.TXT,$(AppPath),,,7/7/1996 20:01:10,179,,"","",""
File35=1,,RIBOFLAV.MI_,RIBOFLAV.MI1,$(AppPath),,,3/1/1996 11:18:26,142142,,"","",""
File36=1,,IGA.MI_,IGA.MI1,$(AppPath),,,8/16/1996 14:29:28,142142,,"","",""
File37=1,,CLORURO.MI_,CLORURO.MI1,$(AppPath),,,8/13/1996 19:09:52,142142,,"","",""
File38=1,,VARBIOL.DB_,VARBIOL.DBF,$(AppPath),,,4/1/1996 11:57:14,378,,"","",""
File39=1,,BAYES.DB_,BAYES.DBF,$(AppPath),,,3/8/1996 9:33:38,7775,,"","",""
File40=1,,CALCOLI.DB_,CALCOLI.DBF,$(AppPath),,,2/3/1996 10:21:20,354,,"","",""
File41=1,,COLEST.DB_,COLEST.DBF,$(AppPath),,,3/29/1996 19:12:28,15194,,"","",""
File42=1,,DIETA.DB_,DIETA.DBF,$(AppPath),,,3/17/1996 14:11:06,247,,"","",""
File43=1,,FUMO.DB_,FUMO.DBF,$(AppPath),,,2/3/1996 10:22:10,178,,"","",""
File44=1,,TESTLIN.DB_,TESTLIN.DBF,$(AppPath),,,2/29/1996 18:23:28,186,,"","",""
File45=1,,UREA.DB_,UREA.DBF,$(AppPath),,,3/30/1996 13:48:26,2610,,"","",""
File46=1,,ARTRITER.DB_,ARTRITER.DBF,$(AppPath),,,4/1/1996 12:12:12,182,,"","",""
File47=1,,ESEMPI.XL_,ESEMPI.XLS,$(AppPath),,,5/23/1999 11:24:46,129024,,"","",""
File48=1,,ESEMPI.MD_,ESEMPI.MDB,$(AppPath),,,5/23/1999 10:45:38,507904,,"","",""

[Setup]
Title=Ministat 2.1
DefProgramGroup=Ministat 2.1
DefaultDir=$(ProgramFiles)\Ministat 2.1
Setup=setup1.exe
AppExe=Ministat.exe
AppToUninstall=Ministat.exe
AppPath=

; Le righe seguenti potrebbero essere eliminate per ottenere spazio 
; aggiuntivo per la personalizzazione di questo file in un dischetto 
; per l'installazione completa.
; 
; XXXXXXXXXXXXXXXXXXXXXXXXXXXXXXXXXXXXXXXXXXXXXXXXXXXXXXXXXXXX
; XXXXXXXXXXXXXXXXXXXXXXXXXXXXXXXXXXXXXXXXXXXXXXXXXXXXXXXXXXXX
; XXXXXXXXXXXXXXXXXXXXXXXXXXXXXXXXXXXXXXXXXXXXXXXXXXXXXXXXXXXX
; XXXXXXXXXXXXXXXXXXXXXXXXXXXXXXXXXXXXXXXXXXXXXXXXXXXXXXXXXXXX
; XXXXXXXXXXXXXXXXXXXXXXXXXXXXXXXXXXXXXXXXXXXXXXXXXXXXXXXXXXXX
; XXXXXXXXXXXXXXXXXXXXXXXXXXXXXXXXXXXXXXXXXXXXXXXXXXXXXXXXXXXX
; XXXXXXXXXXXXXXXXXXXXXXXXXXXXXXXXXXXXXXXXXXXXXXXXXXXXXXXXXXXX
; XXXXXXXXXXXXXXXXXXXXXXXXXXXXXXXXXXXXXXXXXXXXXXXXXXXXXXXXXXXX
; XXXXXXXXXXXXXXXXXXXXXXXXXXXXXXXXXXXXXXXXXXXXXXXXXXXXXXXXXXXX
; XXXXXXXXXXXXXXXXXXXXXXXXXXXXXXXXXXXXXXXXXXXXXXXXXXXXXXXXXXXX
; XXXXXXXXXXXXXXXXXXXXXXXXXXXXXXXXXXXXXXXXXXXXXXXXXXXXXXXXXXXX
; XXXXXXXXXXXXXXXXXXXXXXXXXXXXXXXXXXXXXXXXXXXXXXXXXXXXXXXXXXXX
; XXXXXXXXXXXXXXXXXXXXXXXXXXXXXXXXXXXXXXXXXXXXXXXXXXXXXXXXXXXX
; XXXXXXXXXXXXXXXXXXXXXXXXXXXXXXXXXXXXXXXXXXXXXXXXXXXXXXXXXXXX
; XXXXXXXXXXXXXXXXXXXXXXXXXXXXXXXXXXXXXXXXXXXXXXXXXXXXXXXXXXXX
; XXXXXXXXXXXXXXXXXXXXXXXXXXXXXXXXXXXXXXXXXXXXXXXXXXXXXXXXXXXX
; XXXXXXXXXXXXXXXXXXXXXXXXXXXXXXXXXXXXXXXXXXXXXXXXXXXXXXXXXXXX
; XXXXXXXXXXXXXXXXXXXXXXXXXXXXXXXXXXXXXXXXXXXXXXXXXXXXXXXXXXXX
; XXXXXXXXXXXXXXXXXXXXXXXXXXXXXXXXXXXXXXXXXXXXXXXXXXXXXXXXXXXX
; XXXXXXXXXXXXXXXXXXXXXXXXXXXXXXXXXXXXXXXXXXXXXXXXXXXXXXXXXXXX
; XXXXXXXXXXXXXXXXXXXXXXXXXXXXXXXXXXXXXXXXXXXXXXXXXXXXXXXXXXXX
; XXXXXXXXXXXXXXXXXXXXXXXXXXXXXXXXXXXXXXXXXXXXXXXXXXXXXXXXXXXX
; XXXXXXXXXXXXXXXXXXXXXXXXXXXXXXXXXXXXXXXXXXXXXXXXXXXXXXXXXXXX
; XXXXXXXXXXXXXXXXXXXXXXXXXXXXXXXXXXXXXXXXXXXXXXXXXXXXXXXXXXXX
; XXXXXXXXXXXXXXXXXXXXXXXXXXXXXXXXXXXXXXXXXXXXXXXXXXXXXXXXXXXX
; XXXXXXXXXXXXXXXXXXXXXXXXXXXXXXXXXXXXXXXXXXXXXXXXXXXXXXXXXXXX
; XXXXXXXXXXXXXXXXXXXXXXXXXXXXXXXXXXXXXXXXXXXXXXXXXXXXXXXXXXXX
; XXXXXXXXXXXXXXXXXXXXXXXXXXXXXXXXXXXXXXXXXXXXXXXXXXXXXXXXXXXX
; XXXXXXXXXXXXXXXXXXXXXXXXXXXXXXXXXXXXXXXXXXXXXXXXXXXXXXXXXXXX
; XXXXXXXXXXXXXXXXXXXXXXXXXXXXXXXXXXXXXXXXXXXXXXXXXXXXXXXXXXXX
; XXXXXXXXXXXXXXXXXXXXXXXXXXXXXXXXXXXXXXXXXXXXXXXXXXXXXXXXXXXX
; XXXXXXXXXXXXXXXXXXXXXXXXXXXXXXXXXXXXXXXXXXXXXXXXXXXXXXXXXXXX
; XXXXXXXXXXXXXXXXXXXXXXXXXXXXXXXXXXXXXXXXXXXXXXXXXXXXXXXXXXXX
; XXXXXXXXXXXXXXXXXXXXXXXXXXXXXXXXXXXXXXXXXXXXXXXXXXXXXXXXXXXX
; XXXXXXXXXXXXXXXXXXXXXXXXXXXXXXXXXXXXXXXXXXXXXXXXXXXXXXXXXXXX
; XXXXXXXXXXXXXXXXXXXXXXXXXXXXXXXXXXXXXXXXXXXXXXXXXXXXXXXXXXXX
; XXXXXXXXXXXXXXXXXXXXXXXXXXXXXXXXXXXXXXXXXXXXXXXXXXXXXXXXXXXX
; XXXXXXXXXXXXXXXXXXXXXXXXXXXXXXXXXXXXXXXXXXXXXXXXXXXXXXXXXXXX
; XXXXXXXXXXXXXXXXXXXXXXXXXXXXXXXXXXXXXXXXXXXXXXXXXXXXXXXXXXXX
; XXXXXXXXXXXXXXXXXXXXXXXXXXXXXXXXXXXXXXXXXXXXXXXXXXXXXXXXXXXX
; XXXXXXXXXXXXXXXXXXXXXXXXXXXXXXXXXXXXXXXXXXXXXXXXXXXXXXXXXXXX
; XXXXXXXXXXXXXXXXXXXXXXXXXXXXXXXXXXXXXXXXXXXXXXXXXXXXXXXXXXXX
; XXXXXXXXXXXXXXXXXXXXXXXXXXXXXXXXXXXXXXXXXXXXXXXXXXXXXXXXXXXX
; XXXXXXXXXXXXXXXXXXXXXXXXXXXXXXXXXXXXXXXXXXXXXXXXXXXXXXXXXXXX
; XXXXXXXXXXXXXXXXXXXXXXXXXXXXXXXXXXXXXXXXXXXXXXXXXXXXXXXXXXXX
; XXXXXXXXXXXXXXXXXXXXXXXXXXXXXXXXXXXXXXXXXXXXXXXXXXXXXXXXXXXX
; XXXXXXXXXXXXXXXXXXXXXXXXXXXXXXXXXXXXXXXXXXXXXXXXXXXXXXXXXXXX
; XXXXXXXXXXXXXXXXXXXXXXXXXXXXXXXXXXXXXXXXXXXXXXXXXXXXXXXXXXXX
; XXXXXXXXXXXXXXXXXXXXXXXXXXXXXXXXXXXXXXXXXXXXXXXXXXXXXXXXXXXX
; XXXXXXXXXXXXXXXXXXXXXXXXXXXXXXXXXXXXXXXXXXXXXXXXXXXXXXXXXXXX
; XXXXXXXXXXXXXXXXXXXXXXXXXXXXXXXXXXXXXXXXXXXXXXXXXXXXXXXXXXXX
; XXXXXXXXXXXXXXXXXXXXXXXXXXXXXXXXXXXXXXXXXXXXXXXXXXXXXXXXXXXX
; XXXXXXXXXXXXXXXXXXXXXXXXXXXXXXXXXXXXXXXXXXXXXXXXXXXXXXXXXXXX
; XXXXXXXXXXXXXXXXXXXXXXXXXXXXXXXXXXXXXXXXXXXXXXXXXXXXXXXXXXXX
; XXXXXXXXXXXXXXXXXXXXXXXXXXXXXXXXXXXXXXXXXXXXXXXXXXXXXXXXXXXX
; XXXXXXXXXXXXXXXXXXXXXXXXXXXXXXXXXXXXXXXXXXXXXXXXXXXXXXXXXXXX
; XXXXXXXXXXXXXXXXXXXXXXXXXXXXXXXXXXXXXXXXXXXXXXXXXXXXXXXXXXXX
; XXXXXXXXXXXXXXXXXXXXXXXXXXXXXXXXXXXXXXXXXXXXXXXXXXXXXXXXXXXX
; XXXXXXXXXXXXXXXXXXXXXXXXXXXXXXXXXXXXXXXXXXXXXXXXXXXXXXXXXXXX
; XXXXXXXXXXXXXXXXXXXXXXXXXXXXXXXXXXXXXXXXXXXXXXXXXXXXXXXXXXXX
; XXXXXXXXXXXXXXXXXXXXXXXXXXXXXXXXXXXXXXXXXXXXXXXXXXXXXXXXXXXX
; XXXXXXXXXXXXXXXXXXXXXXXXXXXXXXXXXXXXXXXXXXXXXXXXXXXXXXXXXXXX
; XXXXXXXXXXXXXXXXXXXXXXXXXXXXXXXXXXXXXXXXXXXXXXXXXXXXXXXXXXXX
; XXXXXXXXXXXXXXXXXXXXXXXXXXXXXXXXXXXXXXXXXXXXXXXXXXXXXXXXXXXX
; XXXXXXXXXXXXXXXXXXXXXXXXXXXXXXXXXXXXXXXXXXXXXXXXXXXXXXXXXXXX
; XXXXXXXXXXXXXXXXXXXXXXXXXXXXXXXXXXXXXXXXXXXXXXXXXXXXXXXXXXXX
; XXXXXXXXXXXXXXXXXXXXXXXXXXXXXXXXXXXXXXXXXXXXXXXXXXXXXXXXXXXX
; XXXXXXXXXXXXXXXXXXXXXXXXXXXXXXXXXXXXXXXXXXXXXXXXXXXXXXXXXXXX
; XXXXXXXXXXXXXXXXXXXXXXXXXXXXXXXXXXXXXXXXXXXXXXXXXXXXXXXXXXXX
; XXXXXXXXXXXXXXXXXXXXXXXXXXXXXXXXXXXXXXXXXXXXXXXXXXXXXXXXXXXX
; XXXXXXXXXXXXXXXXXXXXXXXXXXXXXXXXXXXXXXXXXXXXXXXXXXXXXXXXXXXX
; XXXXXXXXXXXXXXXXXXXXXXXXXXXXXXXXXXXXXXXXXXXXXXXXXXXXXXXXXXXX
; XXXXXXXXXXXXXXXXXXXXXXXXXXXXXXXXXXXXXXXXXXXXXXXXXXXXXXXXXXXX
; XXXXXXXXXXXXXXXXXXXXXXXXXXXXXXXXXXXXXXXXXXXXXXXXXXXXXXXXXXXX
; XXXXXXXXXXXXXXXXXXXXXXXXXXXXXXXXXXXXXXXXXXXXXXXXXXXXXXXXXXXX
; XXXXXXXXXXXXXXXXXXXXXXXXXXXXXXXXXXXXXXXXXXXXXXXXXXXXXXXXXXXX
; XXXXXXXXXXXXXXXXXXXXXXXXXXXXXXXXXXXXXXXXXXXXXXXXXXXXXXXXXXXX
; XXXXXXXXXXXXXXXXXXXXXXXXXXXXXXXXXXXXXXXXXXXXXXXXXXXXXXXXXXXX
; XXXXXXXXXXXXXXXXXXXXXXXXXXXXXXXXXXXXXXXXXXXXXXXXXXXXXXXXXXXX
; XXXXXXXXXXXXXXXXXXXXXXXXXXXXXXXXXXXXXXXXXXXXXXXXXXXXXXXXXXXX
; XXXXXXXXXXXXXXXXXXXXXXXXXXXXXXXXXXXXXXXXXXXXXXXXXXXXXXXXXXXX
; XXXXXXXXXXXXXXXXXXXXXXXXXXXXXXXXXXXXXXXXXXXXXXXXXXXXXXXXXXXX
; XXXXXXXXXXXXXXXXXXXXXXXXXXXXXXXXXXXXXXXXXXXXXXXXXXXXXXXXXXXX
; XXXXXXXXXXXXXXXXXXXXXXXXXXXXXXXXXXXXXXXXXXXXXXXXXXXXXXXXXXXX
; XXXXXXXXXXXXXXXXXXXXXXXXXXXXXXXXXXXXXXXXXXXXXXXXXXXXXXXXXXXX
; XXXXXXXXXXXXXXXXXXXXXXXXXXXXXXXXXXXXXXXXXXXXXXXXXXXXXXXXXXXX
